<?xml version="1.0" encoding="UTF-8"?>
<testng-results skipped="0" failed="0" ignored="0" total="2" passed="2">
  <reporter-output>
  </reporter-output>
  <suite name="Default suite" duration-ms="7205" started-at="2019-03-04T17:51:24Z" finished-at="2019-03-04T17:51:32Z">
    <groups>
    </groups>
    <test name="Default test" duration-ms="7205" started-at="2019-03-04T17:51:24Z" finished-at="2019-03-04T17:51:32Z">
      <class name="Test_case.CBA">
        <test-method status="PASS" signature="openbrowser()[pri:0, instance:Test_case.CBA@224edc67]" name="openbrowser" is-config="true" duration-ms="25179" started-at="2019-03-05T04:50:59Z" finished-at="2019-03-05T04:51:24Z">
          <reporter-output>
          </reporter-output>
        </test-method> <!-- openbrowser -->
        <test-method status="PASS" signature="Click_Travel_Product()[pri:0, instance:Test_case.CBA@224edc67]" name="Click_Travel_Product" duration-ms="5916" started-at="2019-03-05T04:51:25Z" finished-at="2019-03-05T04:51:31Z">
          <reporter-output>
          </reporter-output>
        </test-method> <!-- Click_Travel_Product -->
        <test-method status="PASS" signature="Verify_Sub_Topics()[pri:0, instance:Test_case.CBA@224edc67]" name="Verify_Sub_Topics" duration-ms="871" started-at="2019-03-05T04:51:31Z" finished-at="2019-03-05T04:51:32Z">
          <reporter-output>
          </reporter-output>
        </test-method> <!-- Verify_Sub_Topics -->
        <test-method status="PASS" signature="closebrowser()[pri:0, instance:Test_case.CBA@224edc67]" name="closebrowser" is-config="true" duration-ms="11097" started-at="2019-03-05T04:51:42Z" finished-at="2019-03-05T04:51:53Z">
          <reporter-output>
          </reporter-output>
        </test-method> <!-- closebrowser -->
      </class> <!-- Test_case.CBA -->
    </test> <!-- Default test -->
  </suite> <!-- Default suite -->
</testng-results>
